1590605858520:help
1590605865379:create-board 100
1590606536535:help
1590606543321:add-player-to-board
1590606556000:add-player-to-board 1
1590606653807:create-board
1590606659043:create-board 100
1590606669119:add-player-to-board 1
1590606930570:create-board
1590607051592:create-board 1
1590607083981:create-board 100
1590607092561:add-player-to-board 1
1590607108825:add-ladder 12 67
1590607121200:add-snake 88 23
1591244348161:help
1591244357935:create-board 100
1591244789726:add-player-to-board Sara 1
1591244932262:add-ladder 10 32
1591244942062:add-ladder 6 22
1591244959092:add-snake 13 2
1591247941805:create-board 100
1591247941864:add-player-to-board Sara 1
1591247941907:add-player-to-board Dhr 1
1591247941917:add-player-to-board Ra 1
1591247941928:add-ladder 32 6
1591247941937:add-ladder 12 48
1591247985932:create-board 100
1591247985992:add-player-to-board Sara 1
1591247986039:add-player-to-board Dhr 1
1591247986051:add-player-to-board Ra 1
1591247986061:add-ladder 32 6 1
1591247986076:add-ladder 12 48 1
1591248219013:create-board 100
1591248219071:add-player-to-board Sara 1
1591248219116:add-player-to-board Dhr 1
1591248219128:add-player-to-board Ra 1
1591248219139:add-ladder 32 6 1
1591248219154:add-ladder 12 48 1
1591248371597:create-board 100
1591248371657:add-player-to-board Sara 1
1591248371703:add-player-to-board Dhr 1
1591248371714:add-player-to-board Ra 1
1591248371726:add-ladder 32 6 1
1591248371737:add-ladder 12 48 1
1591248372384:add-snake 9 1 1
1591248380993:roll-dice 1
1591248391673:stacktrace
1591248470564:create-board 100
1591248470622:add-player-to-board Sara 1
1591248470667:add-player-to-board Dhr 1
1591248470677:add-player-to-board Ra 1
1591248470688:add-ladder 32 6 1
1591248470698:add-ladder 12 48 1
1591248470705:add-snake 9 1 1
1591248471495:roll-dice 1
1591248480157:stacktrace
1591248768305:create-board 100
1591248768362:add-player-to-board Sara 1
1591248768406:add-player-to-board Dhr 1
1591248768418:add-player-to-board Ra 1
1591248768428:add-ladder 32 6 1
1591248768438:add-ladder 12 48 1
1591248768462:add-snake 9 1 1
1591248769173:roll-dice 1
1591248851646:create-board 100
1591248851705:add-player-to-board Sara 1
1591248851749:add-player-to-board Dhr 1
1591248851760:add-player-to-board Ra 1
1591248851770:add-ladder 32 6 1
1591248851779:add-ladder 48 12 1
1591248851786:add-snake 9 1 1
1591248852588:roll-dice 1
1591249215795:create-board 100
1591249215854:add-player-to-board Sara 1
1591249215900:add-player-to-board Dhr 1
1591249215911:add-player-to-board Ra 1
1591249215922:add-ladder 32 6 1
1591249215932:add-ladder 48 12 1
1591249215939:add-snake 9 1 1
1591249216631:roll-dice 1
1591249442049:create-board 100
1591249442110:add-player-to-board Sara 1
1591249442156:add-player-to-board Dhr 1
1591249442167:add-player-to-board Ra 1
1591249442177:add-ladder 32 6 1
1591249442187:add-ladder 48 12 1
1591249442194:add-snake 9 1 1
1591249442877:roll-dice 1
1591249447430:create-board 100
1591249447436:add-player-to-board Sara 1
1591249447451:add-player-to-board Dhr 1
1591249447478:add-player-to-board Ra 1
1591249447519:add-ladder 32 6 1
1591249447541:add-ladder 48 12 1
1591249447555:add-snake 9 1 1
1591249471687:create-board 100
1591249471746:add-player-to-board Sara 1
1591249471792:add-player-to-board Dhr 1
1591249471803:add-player-to-board Ra 1
1591249471815:add-ladder 32 6 1
1591249471825:add-ladder 48 12 1
1591249471832:add-snake 9 1 1
1591249480338:roll-dice 1
1591249635610:create-board 100
1591249635672:add-player-to-board Sara 1
1591249635722:add-player-to-board Dhr 1
1591249635734:add-player-to-board Ra 1
1591249635746:add-ladder 32 6 1
1591249635756:add-ladder 48 12 1
1591249635763:add-snake 9 1 1
1591249636475:roll-dice 1
1591249724925:create-board 100
1591249724982:add-player-to-board Sara 1
1591249725030:add-player-to-board Dhr 1
1591249725040:add-player-to-board Ra 1
1591249725051:add-ladder 32 6 1
1591249725061:add-ladder 48 12 1
1591249725070:add-snake 9 1 1
1591249726137:roll-dice 1
1591249911061:create-board 100
1591249911117:add-player-to-board Sara 1
1591249911163:add-player-to-board Dhr 1
1591249912849:add-player-to-board Ra 1
1591250060902:create-board 100
1591250068867:add-player-to-board Sara 1
1591250082323:add-player-to-board Dhr 1
1591250094114:add-player-to-board Ra 1
1591250209081:create-board 100
1591250223943:add-player-to-board Sara 1
1591250244964:add-player-to-board Dhr 1
1591250256964:add-player-to-board Ra 1
1591250484214:create-board 100
1591250493419:add-player-to-board Sara 1
1591250501811:add-player-to-board Dhr 1
1591250512234:add-player-to-board Ra 1
1591250629580:create-board 100
1591250636760:add-player-to-board Sara 1
1591250645192:add-player-to-board Dhr 1
1591250656151:add-player-to-board Ra 1
1591250806449:create-board 100
1591250812500:add-player-to-board Sara 1
1591250819276:add-player-to-board Dhr 1
1591250829819:add-player-to-board Ra 1
1591250850539:add-player-to-board huha 1
1591251020577:create-board 100
1591251027246:add-player-to-board Sara 1
1591251034470:add-player-to-board Dhr 1
1591251042684:add-player-to-board Ra 1
1591251479658:DEMO:>
1591251486511:create-board 100
1591251493839:add-player-to-board Sara 1
1591251544686:create-board 100
1591251548736:add-player-to-board Sara 1
1591251558458:add-player-to-board Dhr 1
1591251570873:add-player-to-board Ra 1
1591251756948:create-board 100
1591251757004:add-player-to-board Sara 1
1591251758951:add-player-to-board Dhr 1
1591251768673:add-player-to-board huha 1
1591251833745:create-board 100
1591251833799:add-player-to-board Sara 1
1591251834820:add-player-to-board Dhr 1
1591251964249:add-player-to-board B 1
1591252163165:create-board 100
1591252163228:add-player-to-board Sara 1
1591252165281:add-player-to-board Dhr 1
1591252173314:add-player-to-board Ra
1591252203974:add-player-to-board Ra 1
1591252444657:create-board 100
1591252444716:add-player-to-board Sara 1
1591252446357:add-player-to-board Dhr 1
1591252456881:add-player-to-board Ra 1
1591253165593:create-board 100
1591253165662:add-player-to-board Sara 1
1591253167491:add-player-to-board Dhr 1
1591253175428:add-player-to-board Ra 1
1591253180283:stacktrace
1591254532363:create-board 100
1591254538074:add-player-to-board Sara 1
1591254539255:add-player-to-board Dhr 1
1591254552440:add-player-to-board Ra 1
1591254872965:create-board 100
1591254874465:add-player-to-board Sara 1
1591254886811:add-player-to-board Dhr 1
1591255367640:create-board 100
1591255367709:add-player-to-board Sara 1
1591255371196:add-player-to-board Dhr 1
1591255387820:add-player-to-board Ra 1
1591255444083:add-player-to-board huha 1
1591255939953:create-board 100
1591255940017:add-player-to-board Sara 1
1591255946261:add-player-to-board Dhr 1stacktrace
1591255983127:create-board 100
1591255983190:add-player-to-board Sara 1
1591255990508:add-player-to-board Dhr 1stacktrace
1591256036822:create-board 100
1591256042338:add-player-to-board Sara 1
1591256046440:stacktrace
1591256132201:create-board 100
1591256138582:add-player-to-board Sara 1
